C51 COMPILER V9.60.7.0   TRAFFIC_LIGHT                                                     06/06/2023 19:35:25 PAGE 1   


C51 COMPILER V9.60.7.0, COMPILATION OF MODULE TRAFFIC_LIGHT
OBJECT MODULE PLACED IN .\Objects\traffic-light.obj
COMPILER INVOKED BY: C:\Keil_v5\C51\BIN\C51.EXE traffic-light.c OPTIMIZE(8,SPEED) BROWSE DEBUG OBJECTEXTEND PRINT(.\List
                    -ings\traffic-light.lst) TABS(2) OBJECT(.\Objects\traffic-light.obj)

line level    source

   1          #include<reg51.h>
   2          sbit red=P1^0;
   3          sbit yellow=P1^1;
   4          sbit green=P1^2;
   5          // signals connections
   6          void main(){
   7   1        unsigned int i;
   8   1        red=yellow=green=0;
   9   1        while(1){
  10   2        red=1;
  11   2          for(i=0;i<60000;i++);
  12   2          for(i=0;i<60000;i++);
  13   2          red=0;
  14   2          yellow=1;
  15   2          for(i=0;i<30000;i++);
  16   2          yellow=0;
  17   2          green=1;
  18   2          for(i=0;i<60000;i++);
  19   2          for(i=0;i<60000;i++);
  20   2          green=0;
  21   2          
  22   2          
  23   2        }
  24   1      
  25   1      }


MODULE INFORMATION:   STATIC OVERLAYABLE
   CODE SIZE        =    143    ----
   CONSTANT SIZE    =   ----    ----
   XDATA SIZE       =   ----    ----
   PDATA SIZE       =   ----    ----
   DATA SIZE        =   ----    ----
   IDATA SIZE       =   ----    ----
   BIT SIZE         =   ----    ----
END OF MODULE INFORMATION.


C51 COMPILATION COMPLETE.  0 WARNING(S),  0 ERROR(S)
