C51 COMPILER V9.60.7.0   7_SEGMENT_DISPLAY                                                 06/06/2023 18:29:14 PAGE 1   


C51 COMPILER V9.60.7.0, COMPILATION OF MODULE 7_SEGMENT_DISPLAY
OBJECT MODULE PLACED IN .\Objects\7-segment-display.obj
COMPILER INVOKED BY: C:\Keil_v5\C51\BIN\C51.EXE 7-segment-display.c OPTIMIZE(8,SPEED) BROWSE DEBUG OBJECTEXTEND PRINT(.\
                    -Listings\7-segment-display.lst) TABS(2) OBJECT(.\Objects\7-segment-display.obj)

line level    source

   1          #include<reg51.h>
   2          void main(){
   3   1      
   4   1      
   5   1      unsigned char seg[10]={0xc0,0xf9,0xa4,0x99,0x92,0x82,0xf8,0x80,0x90};
   6   1      unsigned char x;
   7   1      unsigned int  i;
   8   1      P1=0x00; //output configuration
   9   1      while(1) {
  10   2        for(x=0;x<10;x++){
  11   3        P1=seg[x];
  12   3          for(i=0;i<60000;i++);
  13   3        }
  14   2      }
  15   1      }


MODULE INFORMATION:   STATIC OVERLAYABLE
   CODE SIZE        =     67    ----
   CONSTANT SIZE    =     10    ----
   XDATA SIZE       =   ----    ----
   PDATA SIZE       =   ----    ----
   DATA SIZE        =   ----      11
   IDATA SIZE       =   ----    ----
   BIT SIZE         =   ----    ----
END OF MODULE INFORMATION.


C51 COMPILATION COMPLETE.  0 WARNING(S),  0 ERROR(S)
